<?xml version="1.0" encoding="UTF-8"?>
<!-- Generated by org.testng.reporters.JUnitReportReporter -->
<testsuite hostname="Jatins-MacBook-Air.local" name="TestCases.TestLogin" tests="1" failures="0" timestamp="15 Dec 2014 12:34:39 GMT" time="55.602" errors="0">
  <testcase name="Login" time="55.602" classname="TestCases.TestLogin"/>
</testsuite> <!-- TestCases.TestLogin -->
