<?xml version="1.0" encoding="UTF-8"?>
<!-- Generated by org.testng.reporters.JUnitReportReporter -->
<testsuite hostname="Jatins-MacBook-Air.local" name="TestCases.TestSignup" tests="1" failures="0" timestamp="15 Dec 2014 11:03:17 GMT" time="70.508" errors="0">
  <testcase name="Testsignup1" time="70.508" classname="TestCases.TestSignup"/>
</testsuite> <!-- TestCases.TestSignup -->
